<?xml version="1.0" encoding="UTF-8"?>
<!-- Generated by org.testng.reporters.JUnitXMLReporter -->
<testsuite hostname="GA-LAP" ignored="0" name="Default test" tests="3" failures="0" timestamp="26 Aug 2020 02:48:12 GMT" time="96.956" errors="0">
  <testcase name="t1" time="0.18" classname="com.practice.BasicTestng"/>
  <testcase name="t2" time="0.073" classname="com.practice.BasicTestng"/>
  <testcase name="t3" time="0.463" classname="com.practice.BasicTestng"/>
</testsuite> <!-- Default test -->
