<?xml version="1.0" encoding="UTF-8"?>
<testng-results skipped="0" failed="0" ignored="0" total="3" passed="3">
  <reporter-output>
  </reporter-output>
  <suite name="Default suite" duration-ms="96956" started-at="2020-08-26T02:46:35Z" finished-at="2020-08-26T02:48:12Z">
    <groups>
    </groups>
    <test name="Default test" duration-ms="96956" started-at="2020-08-26T02:46:35Z" finished-at="2020-08-26T02:48:12Z">
      <class name="com.practice.BasicTestng">
        <test-method status="PASS" signature="start()[pri:0, instance:com.practice.BasicTestng@cc285f4]" name="start" is-config="true" duration-ms="229" started-at="2020-08-26T02:46:35Z" finished-at="2020-08-26T02:46:36Z">
          <reporter-output>
          </reporter-output>
        </test-method> <!-- start -->
        <test-method status="PASS" signature="launch()[pri:0, instance:com.practice.BasicTestng@cc285f4]" name="launch" is-config="true" duration-ms="95950" started-at="2020-08-26T02:46:36Z" finished-at="2020-08-26T02:48:12Z">
          <reporter-output>
          </reporter-output>
        </test-method> <!-- launch -->
        <test-method status="PASS" signature="t1()[pri:0, instance:com.practice.BasicTestng@cc285f4]" name="t1" duration-ms="180" started-at="2020-08-26T02:48:12Z" finished-at="2020-08-26T02:48:12Z">
          <reporter-output>
          </reporter-output>
        </test-method> <!-- t1 -->
        <test-method status="PASS" signature="t2()[pri:0, instance:com.practice.BasicTestng@cc285f4]" name="t2" duration-ms="73" started-at="2020-08-26T02:48:12Z" finished-at="2020-08-26T02:48:12Z">
          <reporter-output>
          </reporter-output>
        </test-method> <!-- t2 -->
        <test-method status="PASS" signature="t3()[pri:0, instance:com.practice.BasicTestng@cc285f4]" name="t3" duration-ms="463" started-at="2020-08-26T02:48:12Z" finished-at="2020-08-26T02:48:12Z">
          <reporter-output>
          </reporter-output>
        </test-method> <!-- t3 -->
        <test-method status="PASS" signature="end()[pri:0, instance:com.practice.BasicTestng@cc285f4]" name="end" is-config="true" duration-ms="1" started-at="2020-08-26T02:48:12Z" finished-at="2020-08-26T02:48:12Z">
          <reporter-output>
          </reporter-output>
        </test-method> <!-- end -->
      </class> <!-- com.practice.BasicTestng -->
    </test> <!-- Default test -->
  </suite> <!-- Default suite -->
</testng-results>
